g:\animated-finite-state-machine\animationfsm\debug\vc141.pdb
g:\animated-finite-state-machine\animationfsm\debug\vc141.idb
g:\animated-finite-state-machine\animationfsm\debug\walking.obj
g:\animated-finite-state-machine\animationfsm\debug\swordplay.obj
g:\animated-finite-state-machine\animationfsm\debug\shovelling.obj
g:\animated-finite-state-machine\animationfsm\debug\player.obj
g:\animated-finite-state-machine\animationfsm\debug\main.obj
g:\animated-finite-state-machine\animationfsm\debug\looting.obj
g:\animated-finite-state-machine\animationfsm\debug\jumping.obj
g:\animated-finite-state-machine\animationfsm\debug\input.obj
g:\animated-finite-state-machine\animationfsm\debug\idle.obj
g:\animated-finite-state-machine\animationfsm\debug\falling.obj
g:\animated-finite-state-machine\animationfsm\debug\climbing.obj
g:\animated-finite-state-machine\animationfsm\debug\animation.obj
g:\animated-finite-state-machine\debug\animationfsm.pdb
g:\animated-finite-state-machine\animationfsm\debug\animatedsprite.obj
g:\animated-finite-state-machine\debug\animationfsm.exe
g:\animated-finite-state-machine\debug\animationfsm.ilk
g:\animated-finite-state-machine\animationfsm\debug\animationfsm.tlog\cl.command.1.tlog
g:\animated-finite-state-machine\animationfsm\debug\animationfsm.tlog\cl.read.1.tlog
g:\animated-finite-state-machine\animationfsm\debug\animationfsm.tlog\cl.write.1.tlog
g:\animated-finite-state-machine\animationfsm\debug\animationfsm.tlog\link.command.1.tlog
g:\animated-finite-state-machine\animationfsm\debug\animationfsm.tlog\link.read.1.tlog
g:\animated-finite-state-machine\animationfsm\debug\animationfsm.tlog\link.write.1.tlog
